<?xml version="1.0" encoding="UTF-8"?>
<testsuite xmlns:xsi="http://www.w3.org/2001/XMLSchema-instance" xsi:schemaLocation="https://maven.apache.org/surefire/maven-surefire-plugin/xsd/surefire-test-report.xsd" name="TestSuite" time="529.152" tests="33" errors="0" skipped="0" failures="0">
  <properties>
    <property name="java.runtime.name" value="Java(TM) SE Runtime Environment"/>
    <property name="java.vm.version" value="11.0.16.1+1-LTS-1"/>
    <property name="sun.boot.library.path" value="C:\Program Files\Java\jdk-11.0.16.1\bin"/>
    <property name="maven.multiModuleProjectDirectory" value="C:\Users\rames\.jenkins\workspace\HybridFramework-April142023"/>
    <property name="java.vm.vendor" value="Oracle Corporation"/>
    <property name="java.vendor.url" value="https://openjdk.java.net/"/>
    <property name="guice.disable.misplaced.annotation.check" value="true"/>
    <property name="path.separator" value=";"/>
    <property name="java.vm.name" value="Java HotSpot(TM) 64-Bit Server VM"/>
    <property name="sun.os.patch.level" value=""/>
    <property name="user.script" value=""/>
    <property name="user.country" value="US"/>
    <property name="sun.java.launcher" value="SUN_STANDARD"/>
    <property name="java.vm.specification.name" value="Java Virtual Machine Specification"/>
    <property name="user.dir" value="C:\Users\rames\.jenkins\workspace\HybridFramework-April142023"/>
    <property name="java.vm.compressedOopsMode" value="Zero based"/>
    <property name="java.runtime.version" value="11.0.16.1+1-LTS-1"/>
    <property name="java.awt.graphicsenv" value="sun.awt.Win32GraphicsEnvironment"/>
    <property name="os.arch" value="amd64"/>
    <property name="java.io.tmpdir" value="C:\Users\rames\AppData\Local\Temp\"/>
    <property name="line.separator" value="&#10;"/>
    <property name="java.vm.specification.vendor" value="Oracle Corporation"/>
    <property name="user.variant" value=""/>
    <property name="os.name" value="Windows 11"/>
    <property name="classworlds.conf" value="C:\maven\apache-maven-3.8.6-bin\apache-maven-3.8.6\bin\m2.conf"/>
    <property name="sun.jnu.encoding" value="Cp1252"/>
    <property name="java.library.path" value="C:\Program Files\Java\jdk-11.0.16.1\bin;C:\WINDOWS\Sun\Java\bin;C:\WINDOWS\system32;C:\WINDOWS;C:\Program Files\Common Files\Oracle\Java\javapath;C:\WINDOWS\system32;C:\WINDOWS;C:\WINDOWS\System32\Wbem;C:\WINDOWS\System32\WindowsPowerShell\v1.0\;C:\WINDOWS\System32\OpenSSH\;C:\Program Files\dotnet\;C:\Program Files\Java\jdk-11.0.16.1\bin;C:\maven\apache-maven-3.8.6-bin\apache-maven-3.8.6\bin;C:\Program Files\Git\cmd;C:\Program Files\Amazon\AWSCLIV2\;C:\Program Files\Docker\Docker\resources\bin;C:\Program Files\nodejs\;C:\Users\rames\AppData\Local\Programs\Python\Python311\Scripts\;C:\Users\rames\AppData\Local\Programs\Python\Python311\;C:\Users\rames\AppData\Local\Microsoft\WindowsApps;;C:\Program Files\JetBrains\IntelliJ IDEA Community Edition 2022.3.1\bin;;C:\Users\rames\AppData\Roaming\npm;."/>
    <property name="maven.conf" value="C:\maven\apache-maven-3.8.6-bin\apache-maven-3.8.6/conf"/>
    <property name="jdk.debug" value="release"/>
    <property name="java.class.version" value="55.0"/>
    <property name="java.specification.name" value="Java Platform API Specification"/>
    <property name="sun.management.compiler" value="HotSpot 64-Bit Tiered Compilers"/>
    <property name="os.version" value="10.0"/>
    <property name="library.jansi.path" value="C:\maven\apache-maven-3.8.6-bin\apache-maven-3.8.6\lib\jansi-native"/>
    <property name="user.home" value="C:\Users\rames"/>
    <property name="user.timezone" value="America/Phoenix"/>
    <property name="java.awt.printerjob" value="sun.awt.windows.WPrinterJob"/>
    <property name="file.encoding" value="Cp1252"/>
    <property name="java.specification.version" value="11"/>
    <property name="user.name" value="rames"/>
    <property name="java.class.path" value="C:\maven\apache-maven-3.8.6-bin\apache-maven-3.8.6\boot\plexus-classworlds-2.6.0.jar"/>
    <property name="java.vm.specification.version" value="11"/>
    <property name="sun.arch.data.model" value="64"/>
    <property name="sun.java.command" value="org.codehaus.plexus.classworlds.launcher.Launcher -f C:\eclipse-workspace\OpenCartHybridFramework-Mar222023\pom.xml clean install"/>
    <property name="java.home" value="C:\Program Files\Java\jdk-11.0.16.1"/>
    <property name="user.language" value="en"/>
    <property name="java.specification.vendor" value="Oracle Corporation"/>
    <property name="awt.toolkit" value="sun.awt.windows.WToolkit"/>
    <property name="java.vm.info" value="mixed mode"/>
    <property name="java.version" value="11.0.16.1"/>
    <property name="java.vendor" value="Oracle Corporation"/>
    <property name="maven.home" value="C:\maven\apache-maven-3.8.6-bin\apache-maven-3.8.6"/>
    <property name="file.separator" value="\"/>
    <property name="java.version.date" value="2022-08-18"/>
    <property name="java.vendor.url.bug" value="https://bugreport.java.com/bugreport/"/>
    <property name="sun.io.unicode.encoding" value="UnicodeLittle"/>
    <property name="sun.cpu.endian" value="little"/>
    <property name="java.vendor.version" value="18.9"/>
    <property name="sun.desktop" value="windows"/>
    <property name="sun.cpu.isalist" value="amd64"/>
  </properties>
  <testcase name="verifyOpenCartLogoTest" classname="com.qa.opencart.testcase.HomePageTest" time="0.507"/>
  <testcase name="verifyOpenCartPageTitleTest" classname="com.qa.opencart.testcase.HomePageTest" time="0.273"/>
  <testcase name="navigateToRegistrationPageTest" classname="com.qa.opencart.testcase.HomePageTest" time="8.637"/>
  <testcase name="navigateToLoginPageTest" classname="com.qa.opencart.testcase.HomePageTest" time="8.232"/>
  <testcase name="verifyLoginPageUrlTest" classname="com.qa.opencart.testcase.LoginPageTest" time="0.319"/>
  <testcase name="verifyLoginPageTitleTest" classname="com.qa.opencart.testcase.LoginPageTest" time="0.262"/>
  <testcase name="verifyNewCustomerHeaderTest" classname="com.qa.opencart.testcase.LoginPageTest" time="0.335"/>
  <testcase name="verifyRegisterAccountTextTest" classname="com.qa.opencart.testcase.LoginPageTest" time="0.315"/>
  <testcase name="navigateToRegistrationPageTest" classname="com.qa.opencart.testcase.LoginPageTest" time="3.63"/>
  <testcase name="navigateToForgotPasswordPageTest" classname="com.qa.opencart.testcase.LoginPageTest" time="3.351"/>
  <testcase name="verifyReturningCustomerHeaderTextTest" classname="com.qa.opencart.testcase.LoginPageTest" time="0.218"/>
  <testcase name="emptyLoginTest" classname="com.qa.opencart.testcase.LoginPageTest" time="9.94"/>
  <testcase name="happyPathLoginTest" classname="com.qa.opencart.testcase.LoginPageTest" time="7.969"/>
  <testcase name="verifyMyAccountPageUrlTest" classname="com.qa.opencart.testcase.MyAccountPageTest" time="0.214"/>
  <testcase name="verifyMyAccountPageTitleTest" classname="com.qa.opencart.testcase.MyAccountPageTest" time="0.166"/>
  <testcase name="verifyMyAccountPageElementsTest" classname="com.qa.opencart.testcase.MyAccountPageTest" time="2.489"/>
  <testcase name="verifyMyAccountMenuOptionsTest" classname="com.qa.opencart.testcase.MyAccountPageTest" time="2.484"/>
  <testcase name="verifyMyAccountHeadersListTest" classname="com.qa.opencart.testcase.MyAccountPageTest" time="0.215"/>
  <testcase name="verifyBrokenLinksInMyAccountPageTest" classname="com.qa.opencart.testcase.MyAccountPageTest" time="32.944"/>
  <testcase name="PerformProductSearchTest" classname="com.qa.opencart.testcase.MyAccountPageTest" time="6.196"/>
  <testcase name="PerformProductSearchTest" classname="com.qa.opencart.testcase.MyAccountPageTest" time="5.76"/>
  <testcase name="PerformProductSearchTest" classname="com.qa.opencart.testcase.MyAccountPageTest" time="5.681"/>
  <testcase name="RegisterAccountTest" classname="com.qa.opencart.testcase.RegistrationPageTest" time="46.099"/>
  <testcase name="registerAccountWithExcelDataTest" classname="com.qa.opencart.testcase.RegistrationPageTest" time="44.773"/>
  <testcase name="registerAccountWithExcelDataTest" classname="com.qa.opencart.testcase.RegistrationPageTest" time="45.746"/>
  <testcase name="registerAccountWithExcelDataTest" classname="com.qa.opencart.testcase.RegistrationPageTest" time="46.011"/>
  <testcase name="registerAccountWithExcelDataTest" classname="com.qa.opencart.testcase.RegistrationPageTest" time="45.322"/>
  <testcase name="productImageTest" classname="com.qa.opencart.testcase.ProductDetailsPageTest" time="7.182"/>
  <testcase name="productImageTest" classname="com.qa.opencart.testcase.ProductDetailsPageTest" time="6.298"/>
  <testcase name="productImageTest" classname="com.qa.opencart.testcase.ProductDetailsPageTest" time="6.687"/>
  <testcase name="productImageTest" classname="com.qa.opencart.testcase.ProductDetailsPageTest" time="6.434"/>
  <testcase name="productImageTest" classname="com.qa.opencart.testcase.ProductDetailsPageTest" time="7.108"/>
  <testcase name="ProductMetadataTest" classname="com.qa.opencart.testcase.ProductDetailsPageTest" time="6.746"/>
</testsuite>