<?xml version="1.0" encoding="UTF-8"?>
<!-- Generated by org.testng.reporters.JUnitReportReporter -->
<testsuite hostname="RameshCh" failures="0" tests="9" name="com.qa.opencart.testcase.LoginPageTest" time="22.571" errors="0" timestamp="2023-04-12T19:31:21 MST" skipped="0">
  <testcase classname="com.qa.opencart.testcase.LoginPageTest" name="verifyLoginPageUrlTest" time="0.030"/>
  <system-out/>
  <testcase classname="com.qa.opencart.testcase.LoginPageTest" name="verifyLoginPageTitleTest" time="0.028"/>
  <system-out/>
  <testcase classname="com.qa.opencart.testcase.LoginPageTest" name="verifyNewCustomerHeaderTest" time="0.076"/>
  <system-out/>
  <testcase classname="com.qa.opencart.testcase.LoginPageTest" name="verifyRegisterAccountTextTest" time="0.060"/>
  <system-out/>
  <testcase classname="com.qa.opencart.testcase.LoginPageTest" name="navigateToRegistrationPageTest" time="3.109"/>
  <system-out/>
  <testcase classname="com.qa.opencart.testcase.LoginPageTest" name="navigateToForgotPasswordPageTest" time="2.965"/>
  <system-out/>
  <testcase classname="com.qa.opencart.testcase.LoginPageTest" name="verifyReturningCustomerHeaderTextTest" time="0.071"/>
  <system-out/>
  <testcase classname="com.qa.opencart.testcase.LoginPageTest" name="emptyLoginTest" time="9.005"/>
  <system-out/>
  <testcase classname="com.qa.opencart.testcase.LoginPageTest" name="happyPathLoginTest" time="7.227"/>
  <system-out/>
</testsuite> <!-- com.qa.opencart.testcase.LoginPageTest -->
