<?xml version="1.0" encoding="UTF-8"?>
<!-- Generated by org.testng.reporters.JUnitReportReporter -->
<testsuite hostname="RameshCh" failures="0" tests="5" name="com.qa.opencart.testcase.ProductDetailsPageTest" time="31.140" errors="0" timestamp="2023-04-12T19:37:30 MST" skipped="0">
  <testcase classname="com.qa.opencart.testcase.ProductDetailsPageTest" name="productImageTest" time="7.160"/>
  <system-out/>
  <testcase classname="com.qa.opencart.testcase.ProductDetailsPageTest" name="productImageTest" time="6.132"/>
  <system-out/>
  <testcase classname="com.qa.opencart.testcase.ProductDetailsPageTest" name="productImageTest" time="5.907"/>
  <system-out/>
  <testcase classname="com.qa.opencart.testcase.ProductDetailsPageTest" name="productImageTest" time="5.849"/>
  <system-out/>
  <testcase classname="com.qa.opencart.testcase.ProductDetailsPageTest" name="productImageTest" time="6.092"/>
  <system-out/>
</testsuite> <!-- com.qa.opencart.testcase.ProductDetailsPageTest -->
