<?xml version="1.0" encoding="UTF-8"?>
<!-- Generated by org.testng.reporters.JUnitReportReporter -->
<testsuite hostname="RameshCh" failures="0" tests="3" name="com.qa.opencart.testcase.MyAccountPageTest" time="15.083" errors="0" timestamp="2023-04-12T19:37:30 MST" skipped="0">
  <testcase classname="com.qa.opencart.testcase.MyAccountPageTest" name="PerformProductSearchTest" time="5.081"/>
  <system-out/>
  <testcase classname="com.qa.opencart.testcase.MyAccountPageTest" name="PerformProductSearchTest" time="4.973"/>
  <system-out/>
  <testcase classname="com.qa.opencart.testcase.MyAccountPageTest" name="PerformProductSearchTest" time="5.029"/>
  <system-out/>
</testsuite> <!-- com.qa.opencart.testcase.MyAccountPageTest -->
