<?xml version="1.0" encoding="UTF-8"?>
<!-- Generated by org.testng.reporters.JUnitReportReporter -->
<testsuite hostname="RameshCh" failures="0" tests="4" name="com.qa.opencart.testcase.HomePageTest" time="16.422" errors="0" timestamp="2023-04-14T18:51:48 MST" skipped="0">
  <testcase classname="com.qa.opencart.testcase.HomePageTest" name="verifyOpenCartLogoTest" time="0.196"/>
  <system-out/>
  <testcase classname="com.qa.opencart.testcase.HomePageTest" name="verifyOpenCartPageTitleTest" time="0.047"/>
  <system-out/>
  <testcase classname="com.qa.opencart.testcase.HomePageTest" name="navigateToRegistrationPageTest" time="8.324"/>
  <system-out/>
  <testcase classname="com.qa.opencart.testcase.HomePageTest" name="navigateToLoginPageTest" time="7.855"/>
  <system-out/>
</testsuite> <!-- com.qa.opencart.testcase.HomePageTest -->
