<?xml version="1.0" encoding="UTF-8"?>
<!-- Generated by org.testng.reporters.JUnitReportReporter -->
<testsuite hostname="RameshCh" failures="0" tests="9" name="com.qa.opencart.testcase.LoginPageTest" time="24.328" errors="0" timestamp="2023-04-14T18:51:48 MST" skipped="0">
  <testcase classname="com.qa.opencart.testcase.LoginPageTest" name="verifyLoginPageUrlTest" time="0.041"/>
  <system-out/>
  <testcase classname="com.qa.opencart.testcase.LoginPageTest" name="verifyLoginPageTitleTest" time="0.030"/>
  <system-out/>
  <testcase classname="com.qa.opencart.testcase.LoginPageTest" name="verifyNewCustomerHeaderTest" time="0.092"/>
  <system-out/>
  <testcase classname="com.qa.opencart.testcase.LoginPageTest" name="verifyRegisterAccountTextTest" time="0.084"/>
  <system-out/>
  <testcase classname="com.qa.opencart.testcase.LoginPageTest" name="navigateToRegistrationPageTest" time="3.440"/>
  <system-out/>
  <testcase classname="com.qa.opencart.testcase.LoginPageTest" name="navigateToForgotPasswordPageTest" time="3.183"/>
  <system-out/>
  <testcase classname="com.qa.opencart.testcase.LoginPageTest" name="verifyReturningCustomerHeaderTextTest" time="0.080"/>
  <system-out/>
  <testcase classname="com.qa.opencart.testcase.LoginPageTest" name="emptyLoginTest" time="9.685"/>
  <system-out/>
  <testcase classname="com.qa.opencart.testcase.LoginPageTest" name="happyPathLoginTest" time="7.693"/>
  <system-out/>
</testsuite> <!-- com.qa.opencart.testcase.LoginPageTest -->
