<?xml version="1.0" encoding="UTF-8"?>
<!-- Generated by org.testng.reporters.JUnitReportReporter -->
<testsuite hostname="RameshCh" failures="0" tests="9" name="com.qa.opencart.testcase.MyAccountPageTest" time="54.159" errors="0" timestamp="2023-04-14T18:51:48 MST" skipped="0">
  <testcase classname="com.qa.opencart.testcase.MyAccountPageTest" name="verifyMyAccountPageUrlTest" time="0.046"/>
  <system-out/>
  <testcase classname="com.qa.opencart.testcase.MyAccountPageTest" name="verifyMyAccountPageTitleTest" time="0.028"/>
  <system-out/>
  <testcase classname="com.qa.opencart.testcase.MyAccountPageTest" name="verifyMyAccountPageElementsTest" time="2.305"/>
  <system-out/>
  <testcase classname="com.qa.opencart.testcase.MyAccountPageTest" name="verifyMyAccountMenuOptionsTest" time="2.329"/>
  <system-out/>
  <testcase classname="com.qa.opencart.testcase.MyAccountPageTest" name="verifyMyAccountHeadersListTest" time="0.074"/>
  <system-out/>
  <testcase classname="com.qa.opencart.testcase.MyAccountPageTest" name="verifyBrokenLinksInMyAccountPageTest" time="32.677"/>
  <system-out/>
  <testcase classname="com.qa.opencart.testcase.MyAccountPageTest" name="PerformProductSearchTest" time="5.503"/>
  <system-out/>
  <testcase classname="com.qa.opencart.testcase.MyAccountPageTest" name="PerformProductSearchTest" time="5.369"/>
  <system-out/>
  <testcase classname="com.qa.opencart.testcase.MyAccountPageTest" name="PerformProductSearchTest" time="5.828"/>
  <system-out/>
</testsuite> <!-- com.qa.opencart.testcase.MyAccountPageTest -->
