<?xml version="1.0" encoding="UTF-8"?>
<!-- Generated by org.testng.reporters.JUnitReportReporter -->
<testsuite hostname="RameshCh" failures="0" tests="6" name="com.qa.opencart.testcase.ProductDetailsPageTest" time="38.706" errors="0" timestamp="2023-04-14T18:51:48 MST" skipped="0">
  <testcase classname="com.qa.opencart.testcase.ProductDetailsPageTest" name="productImageTest" time="6.088"/>
  <system-out/>
  <testcase classname="com.qa.opencart.testcase.ProductDetailsPageTest" name="productImageTest" time="6.886"/>
  <system-out/>
  <testcase classname="com.qa.opencart.testcase.ProductDetailsPageTest" name="productImageTest" time="6.370"/>
  <system-out/>
  <testcase classname="com.qa.opencart.testcase.ProductDetailsPageTest" name="productImageTest" time="6.800"/>
  <system-out/>
  <testcase classname="com.qa.opencart.testcase.ProductDetailsPageTest" name="productImageTest" time="6.042"/>
  <system-out/>
  <testcase classname="com.qa.opencart.testcase.ProductDetailsPageTest" name="ProductMetadataTest" time="6.520"/>
  <system-out/>
</testsuite> <!-- com.qa.opencart.testcase.ProductDetailsPageTest -->
